<?xml version="1.0" encoding="UTF-8"?>
<!-- Generated by org.testng.reporters.JUnitReportReporter -->
<testsuite hostname="MyLapTop" failures="0" tests="1" name="selenideTests.FirstTest" time="3.753" errors="0" timestamp="16 May 2024 14:05:18 GMT">
  <testcase classname="selenideTests.FirstTest" name="userCanSearch" time="3.753"/>
</testsuite> <!-- selenideTests.FirstTest -->
